# Logfile created on Fri Apr 25 15:18:49 -0400 2014 by logger.rb/1.2.6
I, [2014-04-25T15:18:49.293604 #76013]  INFO -- : 0:  fastercsv (1.5.5) from /Users/iamjwc/.rvm/gems/ruby-1.8.7-p374/specifications/fastercsv-1.5.5.gemspec
I, [2014-04-25T15:18:49.294851 #76013]  INFO -- : 0:  httpclient (2.3.4.1) from /Users/iamjwc/.rvm/gems/ruby-1.8.7-p374/specifications/httpclient-2.3.4.1.gemspec
I, [2014-04-25T15:18:49.953712 #76013]  INFO -- : 0:  metaclass (0.0.4) from /Users/iamjwc/.rvm/gems/ruby-1.8.7-p374/specifications/metaclass-0.0.4.gemspec
I, [2014-04-25T15:18:50.656116 #76013]  INFO -- : 0:  mocha (1.0.0) from /Users/iamjwc/.rvm/gems/ruby-1.8.7-p374/specifications/mocha-1.0.0.gemspec
I, [2014-04-25T15:18:50.656587 #76013]  INFO -- : 0:  soap4r (1.5.8) from /Users/iamjwc/.rvm/gems/ruby-1.8.7-p374/specifications/soap4r-1.5.8.gemspec
I, [2014-04-25T15:18:50.720393 #76013]  INFO -- : 0:  sundawg_responsys_client (0.0.1) from /Users/iamjwc/programming/responsys_client/sundawg_responsys_client.gemspec
I, [2014-04-25T15:18:50.720790 #76013]  INFO -- : 0:  bundler (1.5.1) from /Users/iamjwc/.rvm/gems/ruby-1.8.7-p374@global/specifications/bundler-1.5.1.gemspec
I, [2014-04-25T15:18:55.168508 #76014]  INFO -- : 0:  fastercsv (1.5.5) from /Users/iamjwc/.rvm/gems/ruby-1.8.7-p374/specifications/fastercsv-1.5.5.gemspec
I, [2014-04-25T15:18:55.169139 #76014]  INFO -- : 0:  httpclient (2.3.4.1) from /Users/iamjwc/.rvm/gems/ruby-1.8.7-p374/specifications/httpclient-2.3.4.1.gemspec
I, [2014-04-25T15:18:55.169460 #76014]  INFO -- : 0:  metaclass (0.0.4) from /Users/iamjwc/.rvm/gems/ruby-1.8.7-p374/specifications/metaclass-0.0.4.gemspec
I, [2014-04-25T15:18:55.169833 #76014]  INFO -- : 0:  mocha (1.0.0) from /Users/iamjwc/.rvm/gems/ruby-1.8.7-p374/specifications/mocha-1.0.0.gemspec
I, [2014-04-25T15:18:55.170139 #76014]  INFO -- : 0:  soap4r (1.5.8) from /Users/iamjwc/.rvm/gems/ruby-1.8.7-p374/specifications/soap4r-1.5.8.gemspec
I, [2014-04-25T15:18:55.242323 #76014]  INFO -- : 0:  sundawg_responsys_client (0.0.1) from /Users/iamjwc/programming/responsys_client/sundawg_responsys_client.gemspec
I, [2014-04-25T15:18:55.242700 #76014]  INFO -- : 0:  bundler (1.5.1) from /Users/iamjwc/.rvm/gems/ruby-1.8.7-p374@global/specifications/bundler-1.5.1.gemspec
I, [2014-04-25T15:20:55.672706 #76174]  INFO -- : 0:  rake (10.1.1) from /Users/iamjwc/.rvm/gems/ruby-1.8.7-p374@global/specifications/rake-10.1.1.gemspec
I, [2014-04-25T15:20:55.673594 #76174]  INFO -- : 0:  fastercsv (1.5.5) from /Users/iamjwc/.rvm/gems/ruby-1.8.7-p374/specifications/fastercsv-1.5.5.gemspec
I, [2014-04-25T15:20:55.673957 #76174]  INFO -- : 0:  httpclient (2.3.4.1) from /Users/iamjwc/.rvm/gems/ruby-1.8.7-p374/specifications/httpclient-2.3.4.1.gemspec
I, [2014-04-25T15:20:55.674283 #76174]  INFO -- : 0:  metaclass (0.0.4) from /Users/iamjwc/.rvm/gems/ruby-1.8.7-p374/specifications/metaclass-0.0.4.gemspec
I, [2014-04-25T15:20:55.674623 #76174]  INFO -- : 0:  mocha (1.0.0) from /Users/iamjwc/.rvm/gems/ruby-1.8.7-p374/specifications/mocha-1.0.0.gemspec
I, [2014-04-25T15:20:55.674939 #76174]  INFO -- : 0:  soap4r (1.5.8) from /Users/iamjwc/.rvm/gems/ruby-1.8.7-p374/specifications/soap4r-1.5.8.gemspec
I, [2014-04-25T15:20:55.770538 #76174]  INFO -- : 0:  sundawg_responsys_client (0.0.1) from /Users/iamjwc/programming/responsys_client/sundawg_responsys_client.gemspec
I, [2014-04-25T15:20:55.771089 #76174]  INFO -- : 0:  bundler (1.5.1) from /Users/iamjwc/.rvm/gems/ruby-1.8.7-p374@global/specifications/bundler-1.5.1.gemspec
I, [2014-04-25T15:22:05.585338 #76178]  INFO -- : 0:  rake (10.1.1) from /Users/iamjwc/.rvm/gems/ruby-1.8.7-p374@global/specifications/rake-10.1.1.gemspec
I, [2014-04-25T15:22:06.587640 #76178]  INFO -- : 0:  allison (2.0.3) from /Users/iamjwc/.rvm/gems/ruby-1.8.7-p374/specifications/allison-2.0.3.gemspec
I, [2014-04-25T15:22:06.588186 #76178]  INFO -- : 0:  json (1.8.1) from /Users/iamjwc/.rvm/gems/ruby-1.8.7-p374/specifications/json-1.8.1.gemspec
I, [2014-04-25T15:22:09.100830 #76178]  INFO -- : 0:  rdoc (4.1.1) from /Users/iamjwc/.rvm/gems/ruby-1.8.7-p374/specifications/rdoc-4.1.1.gemspec
I, [2014-04-25T15:22:09.101316 #76178]  INFO -- : 0:  json_pure (1.8.1) from /Users/iamjwc/.rvm/gems/ruby-1.8.7-p374/specifications/json_pure-1.8.1.gemspec
I, [2014-04-25T15:22:10.176108 #76178]  INFO -- : 0:  rubyforge (2.0.4) from /Users/iamjwc/.rvm/gems/ruby-1.8.7-p374/specifications/rubyforge-2.0.4.gemspec
I, [2014-04-25T15:22:11.425956 #76178]  INFO -- : 0:  echoe (4.6.5) from /Users/iamjwc/.rvm/gems/ruby-1.8.7-p374/specifications/echoe-4.6.5.gemspec
I, [2014-04-25T15:22:11.426416 #76178]  INFO -- : 0:  fastercsv (1.5.5) from /Users/iamjwc/.rvm/gems/ruby-1.8.7-p374/specifications/fastercsv-1.5.5.gemspec
I, [2014-04-25T15:22:11.426729 #76178]  INFO -- : 0:  httpclient (2.3.4.1) from /Users/iamjwc/.rvm/gems/ruby-1.8.7-p374/specifications/httpclient-2.3.4.1.gemspec
I, [2014-04-25T15:22:11.427054 #76178]  INFO -- : 0:  metaclass (0.0.4) from /Users/iamjwc/.rvm/gems/ruby-1.8.7-p374/specifications/metaclass-0.0.4.gemspec
I, [2014-04-25T15:22:11.427379 #76178]  INFO -- : 0:  mocha (1.0.0) from /Users/iamjwc/.rvm/gems/ruby-1.8.7-p374/specifications/mocha-1.0.0.gemspec
I, [2014-04-25T15:22:11.427989 #76178]  INFO -- : 0:  soap4r (1.5.8) from /Users/iamjwc/.rvm/gems/ruby-1.8.7-p374/specifications/soap4r-1.5.8.gemspec
I, [2014-04-25T15:22:11.468787 #76178]  INFO -- : 0:  sundawg_responsys_client (0.0.1) from /Users/iamjwc/programming/responsys_client/sundawg_responsys_client.gemspec
I, [2014-04-25T15:22:11.469204 #76178]  INFO -- : 0:  bundler (1.5.1) from /Users/iamjwc/.rvm/gems/ruby-1.8.7-p374@global/specifications/bundler-1.5.1.gemspec
I, [2014-04-25T15:26:02.530225 #76532]  INFO -- : 0:  rake (10.1.1) from /Users/iamjwc/.rvm/gems/ruby-1.8.7-p374@global/specifications/rake-10.1.1.gemspec
I, [2014-04-25T15:26:02.531250 #76532]  INFO -- : 0:  allison (2.0.3) from /Users/iamjwc/.rvm/gems/ruby-1.8.7-p374/specifications/allison-2.0.3.gemspec
I, [2014-04-25T15:26:02.531704 #76532]  INFO -- : 0:  json (1.8.1) from /Users/iamjwc/.rvm/gems/ruby-1.8.7-p374/specifications/json-1.8.1.gemspec
I, [2014-04-25T15:26:02.532068 #76532]  INFO -- : 0:  rdoc (4.1.1) from /Users/iamjwc/.rvm/gems/ruby-1.8.7-p374/specifications/rdoc-4.1.1.gemspec
I, [2014-04-25T15:26:02.532404 #76532]  INFO -- : 0:  json_pure (1.8.1) from /Users/iamjwc/.rvm/gems/ruby-1.8.7-p374/specifications/json_pure-1.8.1.gemspec
I, [2014-04-25T15:26:02.532758 #76532]  INFO -- : 0:  rubyforge (2.0.4) from /Users/iamjwc/.rvm/gems/ruby-1.8.7-p374/specifications/rubyforge-2.0.4.gemspec
I, [2014-04-25T15:26:02.533127 #76532]  INFO -- : 0:  echoe (4.6.5) from /Users/iamjwc/.rvm/gems/ruby-1.8.7-p374/specifications/echoe-4.6.5.gemspec
I, [2014-04-25T15:26:02.533466 #76532]  INFO -- : 0:  fastercsv (1.5.5) from /Users/iamjwc/.rvm/gems/ruby-1.8.7-p374/specifications/fastercsv-1.5.5.gemspec
I, [2014-04-25T15:26:02.533797 #76532]  INFO -- : 0:  httpclient (2.3.4.1) from /Users/iamjwc/.rvm/gems/ruby-1.8.7-p374/specifications/httpclient-2.3.4.1.gemspec
I, [2014-04-25T15:26:02.534161 #76532]  INFO -- : 0:  metaclass (0.0.4) from /Users/iamjwc/.rvm/gems/ruby-1.8.7-p374/specifications/metaclass-0.0.4.gemspec
I, [2014-04-25T15:26:02.534587 #76532]  INFO -- : 0:  mocha (1.0.0) from /Users/iamjwc/.rvm/gems/ruby-1.8.7-p374/specifications/mocha-1.0.0.gemspec
I, [2014-04-25T15:26:02.535197 #76532]  INFO -- : 0:  soap4r (1.5.8) from /Users/iamjwc/.rvm/gems/ruby-1.8.7-p374/specifications/soap4r-1.5.8.gemspec
I, [2014-04-25T15:26:02.609980 #76532]  INFO -- : 0:  sundawg_responsys_client (0.0.1) from /Users/iamjwc/programming/responsys_client/sundawg_responsys_client.gemspec
I, [2014-04-25T15:26:02.610364 #76532]  INFO -- : 0:  bundler (1.5.1) from /Users/iamjwc/.rvm/gems/ruby-1.8.7-p374@global/specifications/bundler-1.5.1.gemspec
I, [2014-04-25T15:32:17.508318 #76564]  INFO -- : 0:  rake (10.3.1) from /Users/iamjwc/.rvm/gems/ruby-1.8.7-p374/specifications/rake-10.3.1.gemspec
I, [2014-04-25T15:32:17.509235 #76564]  INFO -- : 0:  allison (2.0.3) from /Users/iamjwc/.rvm/gems/ruby-1.8.7-p374/specifications/allison-2.0.3.gemspec
I, [2014-04-25T15:32:17.509586 #76564]  INFO -- : 0:  json (1.8.1) from /Users/iamjwc/.rvm/gems/ruby-1.8.7-p374/specifications/json-1.8.1.gemspec
I, [2014-04-25T15:32:17.509935 #76564]  INFO -- : 0:  rdoc (4.1.1) from /Users/iamjwc/.rvm/gems/ruby-1.8.7-p374/specifications/rdoc-4.1.1.gemspec
I, [2014-04-25T15:32:17.510267 #76564]  INFO -- : 0:  json_pure (1.8.1) from /Users/iamjwc/.rvm/gems/ruby-1.8.7-p374/specifications/json_pure-1.8.1.gemspec
I, [2014-04-25T15:32:17.510565 #76564]  INFO -- : 0:  rubyforge (2.0.4) from /Users/iamjwc/.rvm/gems/ruby-1.8.7-p374/specifications/rubyforge-2.0.4.gemspec
I, [2014-04-25T15:32:17.510872 #76564]  INFO -- : 0:  echoe (4.6.5) from /Users/iamjwc/.rvm/gems/ruby-1.8.7-p374/specifications/echoe-4.6.5.gemspec
I, [2014-04-25T15:32:17.511188 #76564]  INFO -- : 0:  fastercsv (1.5.5) from /Users/iamjwc/.rvm/gems/ruby-1.8.7-p374/specifications/fastercsv-1.5.5.gemspec
I, [2014-04-25T15:32:17.511507 #76564]  INFO -- : 0:  httpclient (2.3.4.1) from /Users/iamjwc/.rvm/gems/ruby-1.8.7-p374/specifications/httpclient-2.3.4.1.gemspec
I, [2014-04-25T15:32:17.511860 #76564]  INFO -- : 0:  metaclass (0.0.4) from /Users/iamjwc/.rvm/gems/ruby-1.8.7-p374/specifications/metaclass-0.0.4.gemspec
I, [2014-04-25T15:32:17.512192 #76564]  INFO -- : 0:  mocha (1.0.0) from /Users/iamjwc/.rvm/gems/ruby-1.8.7-p374/specifications/mocha-1.0.0.gemspec
I, [2014-04-25T15:32:17.512502 #76564]  INFO -- : 0:  soap4r (1.5.8) from /Users/iamjwc/.rvm/gems/ruby-1.8.7-p374/specifications/soap4r-1.5.8.gemspec
I, [2014-04-25T15:32:17.584610 #76564]  INFO -- : 0:  sundawg_responsys_client (0.0.1) from /Users/iamjwc/programming/responsys_client/sundawg_responsys_client.gemspec
I, [2014-04-25T15:32:17.585093 #76564]  INFO -- : 0:  bundler (1.5.1) from /Users/iamjwc/.rvm/gems/ruby-1.8.7-p374@global/specifications/bundler-1.5.1.gemspec
I, [2014-04-27T21:28:16.615124 #96832]  INFO -- : 0:  rake (10.3.1) from /Users/iamjwc/.rvm/gems/ruby-1.8.7-p374/specifications/rake-10.3.1.gemspec
I, [2014-04-27T21:28:16.616725 #96832]  INFO -- : 0:  allison (2.0.3) from /Users/iamjwc/.rvm/gems/ruby-1.8.7-p374/specifications/allison-2.0.3.gemspec
I, [2014-04-27T21:28:16.617107 #96832]  INFO -- : 0:  json (1.8.1) from /Users/iamjwc/.rvm/gems/ruby-1.8.7-p374/specifications/json-1.8.1.gemspec
I, [2014-04-27T21:28:16.617693 #96832]  INFO -- : 0:  rdoc (4.1.1) from /Users/iamjwc/.rvm/gems/ruby-1.8.7-p374/specifications/rdoc-4.1.1.gemspec
I, [2014-04-27T21:28:16.618006 #96832]  INFO -- : 0:  json_pure (1.8.1) from /Users/iamjwc/.rvm/gems/ruby-1.8.7-p374/specifications/json_pure-1.8.1.gemspec
I, [2014-04-27T21:28:16.618306 #96832]  INFO -- : 0:  rubyforge (2.0.4) from /Users/iamjwc/.rvm/gems/ruby-1.8.7-p374/specifications/rubyforge-2.0.4.gemspec
I, [2014-04-27T21:28:16.618610 #96832]  INFO -- : 0:  echoe (4.6.5) from /Users/iamjwc/.rvm/gems/ruby-1.8.7-p374/specifications/echoe-4.6.5.gemspec
I, [2014-04-27T21:28:16.618923 #96832]  INFO -- : 0:  fastercsv (1.5.5) from /Users/iamjwc/.rvm/gems/ruby-1.8.7-p374/specifications/fastercsv-1.5.5.gemspec
I, [2014-04-27T21:28:16.619235 #96832]  INFO -- : 0:  httpclient (2.3.4.1) from /Users/iamjwc/.rvm/gems/ruby-1.8.7-p374/specifications/httpclient-2.3.4.1.gemspec
I, [2014-04-27T21:28:16.619544 #96832]  INFO -- : 0:  metaclass (0.0.4) from /Users/iamjwc/.rvm/gems/ruby-1.8.7-p374/specifications/metaclass-0.0.4.gemspec
I, [2014-04-27T21:28:16.619867 #96832]  INFO -- : 0:  mocha (1.0.0) from /Users/iamjwc/.rvm/gems/ruby-1.8.7-p374/specifications/mocha-1.0.0.gemspec
I, [2014-04-27T21:28:16.620172 #96832]  INFO -- : 0:  soap4r (1.5.8) from /Users/iamjwc/.rvm/gems/ruby-1.8.7-p374/specifications/soap4r-1.5.8.gemspec
I, [2014-04-27T21:28:16.725029 #96832]  INFO -- : 0:  sundawg_responsys_client (0.0.1) from /Users/iamjwc/programming/responsys_client/sundawg_responsys_client.gemspec
I, [2014-04-27T21:28:16.725435 #96832]  INFO -- : 0:  bundler (1.5.1) from /Users/iamjwc/.rvm/gems/ruby-1.8.7-p374@global/specifications/bundler-1.5.1.gemspec
